<html>
<body>
<pre>
<h1>µVision Build Log</h1>
<h2>Tool Versions:</h2>
IDE-Version: µVision V5.23.0.0
Copyright (C) 2017 ARM Ltd and ARM Germany GmbH. All rights reserved.
License Information: Lars Kowoll, HAW Hamburg, LIC=----
 
Tool Versions:
Toolchain:       MDK-Lite  Version: 5.23
Toolchain Path:  C:\Keil_v5\ARM\ARMCC\Bin
C Compiler:      Armcc.exe V5.06 update 4 (build 422)
Assembler:       Armasm.exe V5.06 update 4 (build 422)
Linker/Locator:  ArmLink.exe V5.06 update 4 (build 422)
Library Manager: ArmAr.exe V5.06 update 4 (build 422)
Hex Converter:   FromElf.exe V5.06 update 4 (build 422)
CPU DLL:         SARMCM3.DLL V5.23
Dialog DLL:      DARMSTM.DLL V1.68.0.0
Target DLL:      UL2CM3.DLL V1.159.7.0
Dialog DLL:      TARMSTM.DLL V1.66.0.0
 
<h2>Project:</h2>
C:\TI_Labor\Keil\_1Wire\_1Wire.uvproj
Project File Date:  12/09/2018

<h2>Output:</h2>
*** Using Compiler 'V5.06 update 4 (build 422)', folder: 'C:\Keil_v5\ARM\ARMCC\Bin'
Rebuild target 'Simulation'
compiling assert.c...
compiling keypad.c...
compiling tft.c...
compiling TI_Lib.c...
compiling timer.c...
assembling startup_stm32f10x_md.s...
compiling Retarget.c...
compiling Getline.c...
compiling system_stm32f10x.c...
compiling Serial.c...
compiling crc.c...
general.h(19): warning:  #1-D: last line of file ends without a newline
  #endif /* HEADER_GENERAL_H_ */
crc.c: 1 warning, 0 errors
compiling main.c...
general.h(19): warning:  #1-D: last line of file ends without a newline
  #endif /* HEADER_GENERAL_H_ */
hardwareController.h(6): warning:  #1295-D: Deprecated declaration readBit - give arg types
  int readBit();
hardwareController.h(7): warning:  #1295-D: Deprecated declaration reset - give arg types
  int reset();
hardwareController.h(10): warning:  #1295-D: Deprecated declaration readByte - give arg types
  int readByte();
hardwareController.h(12): warning:  #1-D: last line of file ends without a newline
  #endif /* HEADER_HARDWARECONTROLLER_H_ */
main.c(67): error:  #513: a value of type "int (*)()" cannot be assigned to an entity of type "int"
  	byte1 = readByte;
main.c(68): error:  #513: a value of type "int (*)()" cannot be assigned to an entity of type "int"
  	byte2 = readByte;
main.c(73): warning:  #111-D: statement is unreachable
    return 0;
main.c(42): warning:  #550-D: variable "byte1"  was set but never used
  	int byte1, byte2;
main.c(42): warning:  #550-D: variable "byte2"  was set but never used
  	int byte1, byte2;
main.c(45): warning:  #177-D: variable "buff"  was declared but never referenced
    BYTE buff[] = { //x^8 + x^5 + x^4 +1 = 1 0011 0001
main.c: 9 warnings, 2 errors
compiling SIM_Board_IO.c...
compiling hardwareController.c...
general.h(19): warning:  #1-D: last line of file ends without a newline
  #endif /* HEADER_GENERAL_H_ */
hardwareController.h(6): warning:  #1295-D: Deprecated declaration readBit - give arg types
  int readBit();
hardwareController.h(7): warning:  #1295-D: Deprecated declaration reset - give arg types
  int reset();
hardwareController.h(10): warning:  #1295-D: Deprecated declaration readByte - give arg types
  int readByte();
hardwareController.h(12): warning:  #1-D: last line of file ends without a newline
  #endif /* HEADER_HARDWARECONTROLLER_H_ */
hardwareController.c(37): warning:  #940-D: missing return statement at end of non-void function "initHardwareController" 
  }
hardwareController.c(41): warning:  #940-D: missing return statement at end of non-void function "setBusLow" 
  }
hardwareController.c(45): warning:  #940-D: missing return statement at end of non-void function "setBusHigh" 
  }
hardwareController.c(56): warning:  #940-D: missing return statement at end of non-void function "write_1" 
  }
hardwareController.c(63): warning:  #940-D: missing return statement at end of non-void function "write_0" 
  }
hardwareController.c(100): warning:  #940-D: missing return statement at end of non-void function "sendCommand" 
  }
hardwareController.c(110): warning:  #940-D: missing return statement at end of non-void function "wait" 
  }
hardwareController.c: 12 warnings, 0 errors
".\Objects\_1Wire.axf" - 2 Error(s), 22 Warning(s).
Target not created.
Build Time Elapsed:  00:00:02
</pre>
</body>
</html>
